<?xml version="1.0" encoding="utf-8"?>
<coverage line-rate="0.8154" branch-rate="0.7419" version="1.9" timestamp="1751487117" lines-covered="190" lines-valid="233" branches-covered="92" branches-valid="124">
  <sources>
    <source>/Users/hkg/Desktop/NasaBotRouteApp/NasaBotRouteApp/</source>
  </sources>
  <packages>
    <package name="NasaBotRouteApp" line-rate="0.8154" branch-rate="0.7419" complexity="138">
      <classes>
        <class name="Program" filename="Program.cs" line-rate="0" branch-rate="0" complexity="2">
          <methods>
            <method name="&lt;Main&gt;$" signature="(System.String[])" line-rate="0" branch-rate="0" complexity="2">
              <lines>
                <line number="3" hits="0" branch="False" />
                <line number="4" hits="0" branch="False" />
                <line number="5" hits="0" branch="False" />
                <line number="6" hits="0" branch="True" condition-coverage="0% (0/2)">
                  <conditions>
                    <condition number="69" type="jump" coverage="0%" />
                  </conditions>
                </line>
                <line number="7" hits="0" branch="False" />
                <line number="8" hits="0" branch="False" />
                <line number="9" hits="0" branch="False" />
                <line number="10" hits="0" branch="False" />
                <line number="11" hits="0" branch="False" />
                <line number="12" hits="0" branch="False" />
                <line number="13" hits="0" branch="False" />
                <line number="15" hits="0" branch="False" />
              </lines>
            </method>
          </methods>
          <lines>
            <line number="3" hits="0" branch="False" />
            <line number="4" hits="0" branch="False" />
            <line number="5" hits="0" branch="False" />
            <line number="6" hits="0" branch="True" condition-coverage="0% (0/2)">
              <conditions>
                <condition number="69" type="jump" coverage="0%" />
              </conditions>
            </line>
            <line number="7" hits="0" branch="False" />
            <line number="8" hits="0" branch="False" />
            <line number="9" hits="0" branch="False" />
            <line number="10" hits="0" branch="False" />
            <line number="11" hits="0" branch="False" />
            <line number="12" hits="0" branch="False" />
            <line number="13" hits="0" branch="False" />
            <line number="15" hits="0" branch="False" />
          </lines>
        </class>
        <class name="NasaBotRouteApp.Service.NasaRoverMovementService" filename="Service/NasaRoverMovementService.cs" line-rate="0.8472" branch-rate="0.7058" complexity="38">
          <methods>
            <method name="get_RoverRobots" signature="()" line-rate="1" branch-rate="1" complexity="1">
              <lines>
                <line number="6" hits="77" branch="False" />
              </lines>
            </method>
            <method name="get_CurrentRoverIndex" signature="()" line-rate="1" branch-rate="1" complexity="1">
              <lines>
                <line number="7" hits="161" branch="False" />
              </lines>
            </method>
            <method name="CreateRoverRobot" signature="(System.String)" line-rate="1" branch-rate="1" complexity="1">
              <lines>
                <line number="19" hits="20" branch="False" />
                <line number="20" hits="20" branch="False" />
                <line number="21" hits="20" branch="False" />
                <line number="22" hits="7" branch="False" />
                <line number="23" hits="7" branch="False" />
              </lines>
            </method>
            <method name="MoveUpdate" signature="(System.String,System.Nullable`1&lt;System.Int32&gt;)" line-rate="0.95" branch-rate="0.875" complexity="8">
              <lines>
                <line number="26" hits="4" branch="False" />
                <line number="28" hits="4" branch="False" />
                <line number="29" hits="4" branch="False" />
                <line number="30" hits="4" branch="False" />
                <line number="31" hits="244" branch="True" condition-coverage="100% (2/2)">
                  <conditions>
                    <condition number="231" type="jump" coverage="100%" />
                  </conditions>
                </line>
                <line number="32" hits="118" branch="False" />
                <line number="33" hits="118" branch="True" condition-coverage="75% (3/4)">
                  <conditions>
                    <condition number="69" type="jump" coverage="100%" />
                    <condition number="76" type="jump" coverage="50%" />
                  </conditions>
                </line>
                <line number="37" hits="75" branch="False" />
                <line number="38" hits="75" branch="False" />
                <line number="39" hits="75" branch="False" />
                <line number="41" hits="43" branch="False" />
                <line number="42" hits="141" branch="False" />
                <line number="43" hits="43" branch="True" condition-coverage="100% (2/2)">
                  <conditions>
                    <condition number="185" type="jump" coverage="100%" />
                  </conditions>
                </line>
                <line number="44" hits="35" branch="False" />
                <line number="45" hits="35" branch="False" />
                <line number="46" hits="35" branch="False" />
                <line number="47" hits="43" branch="False" />
                <line number="49" hits="0" branch="False" />
                <line number="51" hits="118" branch="False" />
                <line number="53" hits="4" branch="False" />
              </lines>
            </method>
            <method name="ReportPositions" signature="(System.Nullable`1&lt;System.Int32&gt;)" line-rate="0" branch-rate="1" complexity="1">
              <lines>
                <line number="55" hits="0" branch="False" />
              </lines>
            </method>
            <method name="GetRoverRobots" signature="(System.Nullable`1&lt;System.Int32&gt;)" line-rate="1" branch-rate="0.5" complexity="4">
              <lines>
                <line number="57" hits="3" branch="False" />
                <line number="58" hits="12" branch="True" condition-coverage="50% (2/4)">
                  <conditions>
                    <condition number="11" type="jump" coverage="50%" />
                    <condition number="40" type="jump" coverage="50%" />
                  </conditions>
                </line>
                <line number="59" hits="12" branch="False" />
              </lines>
            </method>
            <method name="SetRoverRobots" signature="(NasaBotRouteApp.Models.Abstract.RoverRobot)" line-rate="1" branch-rate="1" complexity="2">
              <lines>
                <line number="61" hits="7" branch="False" />
                <line number="62" hits="7" branch="True" condition-coverage="100% (2/2)">
                  <conditions>
                    <condition number="17" type="jump" coverage="100%" />
                  </conditions>
                </line>
                <line number="63" hits="3" branch="False" />
                <line number="64" hits="3" branch="False" />
                <line number="65" hits="3" branch="False" />
                <line number="66" hits="3" branch="False" />
                <line number="67" hits="3" branch="False" />
                <line number="69" hits="4" branch="False" />
                <line number="70" hits="4" branch="False" />
                <line number="71" hits="4" branch="False" />
                <line number="72" hits="4" branch="False" />
                <line number="73" hits="7" branch="False" />
              </lines>
            </method>
            <method name="CheckRoverRobot" signature="(NasaBotRouteApp.Models.Abstract.RoverRobot)" line-rate="0.5555" branch-rate="0.5" complexity="6">
              <lines>
                <line number="75" hits="3" branch="False" />
                <line number="76" hits="3" branch="True" condition-coverage="50% (1/2)">
                  <conditions>
                    <condition number="40" type="jump" coverage="50%" />
                  </conditions>
                </line>
                <line number="77" hits="0" branch="False" />
                <line number="78" hits="0" branch="False" />
                <line number="80" hits="12" branch="True" condition-coverage="50% (1/2)">
                  <conditions>
                    <condition number="83" type="jump" coverage="50%" />
                  </conditions>
                </line>
                <line number="81" hits="3" branch="True" condition-coverage="50% (1/2)">
                  <conditions>
                    <condition number="124" type="jump" coverage="50%" />
                  </conditions>
                </line>
                <line number="82" hits="0" branch="False" />
                <line number="83" hits="0" branch="False" />
                <line number="85" hits="3" branch="False" />
              </lines>
            </method>
            <method name="CheckAndSetCurrentIndex" signature="(System.Nullable`1&lt;System.Int32&gt;)" line-rate="0.5832999999999999" branch-rate="0.5" complexity="8">
              <lines>
                <line number="87" hits="4" branch="False" />
                <line number="88" hits="4" branch="True" condition-coverage="50% (1/2)">
                  <conditions>
                    <condition number="10" type="jump" coverage="50%" />
                  </conditions>
                </line>
                <line number="89" hits="0" branch="False" />
                <line number="90" hits="0" branch="False" />
                <line number="91" hits="0" branch="False" />
                <line number="92" hits="4" branch="True" condition-coverage="50% (2/4)">
                  <conditions>
                    <condition number="47" type="jump" coverage="50%" />
                    <condition number="76" type="jump" coverage="50%" />
                  </conditions>
                </line>
                <line number="93" hits="4" branch="False" />
                <line number="94" hits="4" branch="False" />
                <line number="95" hits="4" branch="True" condition-coverage="50% (1/2)">
                  <conditions>
                    <condition number="124" type="jump" coverage="50%" />
                  </conditions>
                </line>
                <line number="96" hits="0" branch="False" />
                <line number="97" hits="0" branch="False" />
                <line number="99" hits="4" branch="False" />
              </lines>
            </method>
            <method name=".ctor" signature="(System.String,System.Int32)" line-rate="1" branch-rate="1" complexity="2">
              <lines>
                <line number="9" hits="11" branch="False" />
                <line number="10" hits="11" branch="False" />
                <line number="11" hits="11" branch="True" condition-coverage="100% (2/2)">
                  <conditions>
                    <condition number="23" type="jump" coverage="100%" />
                  </conditions>
                </line>
                <line number="12" hits="11" branch="False" />
                <line number="13" hits="11" branch="False" />
                <line number="15" hits="10" branch="False" />
                <line number="16" hits="5" branch="False" />
                <line number="17" hits="5" branch="False" />
              </lines>
            </method>
          </methods>
          <lines>
            <line number="6" hits="77" branch="False" />
            <line number="7" hits="161" branch="False" />
            <line number="19" hits="20" branch="False" />
            <line number="20" hits="20" branch="False" />
            <line number="21" hits="20" branch="False" />
            <line number="22" hits="7" branch="False" />
            <line number="23" hits="7" branch="False" />
            <line number="26" hits="4" branch="False" />
            <line number="28" hits="4" branch="False" />
            <line number="29" hits="4" branch="False" />
            <line number="30" hits="4" branch="False" />
            <line number="31" hits="244" branch="True" condition-coverage="100% (2/2)">
              <conditions>
                <condition number="231" type="jump" coverage="100%" />
              </conditions>
            </line>
            <line number="32" hits="118" branch="False" />
            <line number="33" hits="118" branch="True" condition-coverage="75% (3/4)">
              <conditions>
                <condition number="69" type="jump" coverage="100%" />
                <condition number="76" type="jump" coverage="50%" />
              </conditions>
            </line>
            <line number="37" hits="75" branch="False" />
            <line number="38" hits="75" branch="False" />
            <line number="39" hits="75" branch="False" />
            <line number="41" hits="43" branch="False" />
            <line number="42" hits="141" branch="False" />
            <line number="43" hits="43" branch="True" condition-coverage="100% (2/2)">
              <conditions>
                <condition number="185" type="jump" coverage="100%" />
              </conditions>
            </line>
            <line number="44" hits="35" branch="False" />
            <line number="45" hits="35" branch="False" />
            <line number="46" hits="35" branch="False" />
            <line number="47" hits="43" branch="False" />
            <line number="49" hits="0" branch="False" />
            <line number="51" hits="118" branch="False" />
            <line number="53" hits="4" branch="False" />
            <line number="55" hits="0" branch="False" />
            <line number="57" hits="3" branch="False" />
            <line number="58" hits="12" branch="True" condition-coverage="50% (2/4)">
              <conditions>
                <condition number="11" type="jump" coverage="50%" />
                <condition number="40" type="jump" coverage="50%" />
              </conditions>
            </line>
            <line number="59" hits="12" branch="False" />
            <line number="61" hits="7" branch="False" />
            <line number="62" hits="7" branch="True" condition-coverage="100% (2/2)">
              <conditions>
                <condition number="17" type="jump" coverage="100%" />
              </conditions>
            </line>
            <line number="63" hits="3" branch="False" />
            <line number="64" hits="3" branch="False" />
            <line number="65" hits="3" branch="False" />
            <line number="66" hits="3" branch="False" />
            <line number="67" hits="3" branch="False" />
            <line number="69" hits="4" branch="False" />
            <line number="70" hits="4" branch="False" />
            <line number="71" hits="4" branch="False" />
            <line number="72" hits="4" branch="False" />
            <line number="73" hits="7" branch="False" />
            <line number="75" hits="3" branch="False" />
            <line number="76" hits="3" branch="True" condition-coverage="50% (1/2)">
              <conditions>
                <condition number="40" type="jump" coverage="50%" />
              </conditions>
            </line>
            <line number="77" hits="0" branch="False" />
            <line number="78" hits="0" branch="False" />
            <line number="80" hits="12" branch="True" condition-coverage="50% (1/2)">
              <conditions>
                <condition number="83" type="jump" coverage="50%" />
              </conditions>
            </line>
            <line number="81" hits="3" branch="True" condition-coverage="50% (1/2)">
              <conditions>
                <condition number="124" type="jump" coverage="50%" />
              </conditions>
            </line>
            <line number="82" hits="0" branch="False" />
            <line number="83" hits="0" branch="False" />
            <line number="85" hits="3" branch="False" />
            <line number="87" hits="4" branch="False" />
            <line number="88" hits="4" branch="True" condition-coverage="50% (1/2)">
              <conditions>
                <condition number="10" type="jump" coverage="50%" />
              </conditions>
            </line>
            <line number="89" hits="0" branch="False" />
            <line number="90" hits="0" branch="False" />
            <line number="91" hits="0" branch="False" />
            <line number="92" hits="4" branch="True" condition-coverage="50% (2/4)">
              <conditions>
                <condition number="47" type="jump" coverage="50%" />
                <condition number="76" type="jump" coverage="50%" />
              </conditions>
            </line>
            <line number="93" hits="4" branch="False" />
            <line number="94" hits="4" branch="False" />
            <line number="95" hits="4" branch="True" condition-coverage="50% (1/2)">
              <conditions>
                <condition number="124" type="jump" coverage="50%" />
              </conditions>
            </line>
            <line number="96" hits="0" branch="False" />
            <line number="97" hits="0" branch="False" />
            <line number="99" hits="4" branch="False" />
            <line number="9" hits="11" branch="False" />
            <line number="10" hits="11" branch="False" />
            <line number="11" hits="11" branch="True" condition-coverage="100% (2/2)">
              <conditions>
                <condition number="23" type="jump" coverage="100%" />
              </conditions>
            </line>
            <line number="12" hits="11" branch="False" />
            <line number="13" hits="11" branch="False" />
            <line number="15" hits="10" branch="False" />
            <line number="16" hits="5" branch="False" />
            <line number="17" hits="5" branch="False" />
          </lines>
        </class>
        <class name="NasaBotRouteApp.Models.Dtos.RoverRobotValidationFilterData" filename="Models/Dtos/RoverRobotValidationFilterData.cs" line-rate="1" branch-rate="1" complexity="1">
          <methods>
            <method name="get_MaxX" signature="()" line-rate="1" branch-rate="1" complexity="1">
              <lines>
                <line number="3" hits="295" branch="False" />
              </lines>
            </method>
          </methods>
          <lines>
            <line number="3" hits="295" branch="False" />
          </lines>
        </class>
        <class name="NasaBotRouteApp.Models.Concrete.BaseSurfaceRobot" filename="Models/Concrete/SurfaceRobot.cs" line-rate="0.7272" branch-rate="1" complexity="4">
          <methods>
            <method name="Move" signature="(System.Int32,System.Int32)" line-rate="1" branch-rate="1" complexity="1">
              <lines>
                <line number="6" hits="35" branch="False" />
                <line number="7" hits="35" branch="False" />
                <line number="8" hits="35" branch="False" />
                <line number="9" hits="35" branch="False" />
              </lines>
            </method>
            <method name="ChangeDirection" signature="(NasaBotRouteApp.Models.CompassDirectionTypes)" line-rate="1" branch-rate="1" complexity="1">
              <lines>
                <line number="11" hits="75" branch="False" />
                <line number="12" hits="75" branch="False" />
                <line number="13" hits="75" branch="False" />
              </lines>
            </method>
            <method name="ReportPosition" signature="()" line-rate="0" branch-rate="1" complexity="1">
              <lines>
                <line number="15" hits="0" branch="False" />
                <line number="16" hits="0" branch="False" />
                <line number="17" hits="0" branch="False" />
              </lines>
            </method>
            <method name=".ctor" signature="(System.Int32,System.Int32,NasaBotRouteApp.Models.CompassDirectionTypes)" line-rate="1" branch-rate="1" complexity="1">
              <lines>
                <line number="3" hits="23" branch="False" />
              </lines>
            </method>
          </methods>
          <lines>
            <line number="6" hits="35" branch="False" />
            <line number="7" hits="35" branch="False" />
            <line number="8" hits="35" branch="False" />
            <line number="9" hits="35" branch="False" />
            <line number="11" hits="75" branch="False" />
            <line number="12" hits="75" branch="False" />
            <line number="13" hits="75" branch="False" />
            <line number="15" hits="0" branch="False" />
            <line number="16" hits="0" branch="False" />
            <line number="17" hits="0" branch="False" />
            <line number="3" hits="23" branch="False" />
          </lines>
        </class>
        <class name="NasaBotRouteApp.Models.Abstract.BaseRobot" filename="Models/Abstract/BaseRobot.cs" line-rate="1" branch-rate="1" complexity="4">
          <methods>
            <method name="get_X" signature="()" line-rate="1" branch-rate="1" complexity="1">
              <lines>
                <line number="5" hits="178" branch="False" />
              </lines>
            </method>
            <method name="get_Y" signature="()" line-rate="1" branch-rate="1" complexity="1">
              <lines>
                <line number="6" hits="149" branch="False" />
              </lines>
            </method>
            <method name="get_Direction" signature="()" line-rate="1" branch-rate="1" complexity="1">
              <lines>
                <line number="7" hits="221" branch="False" />
              </lines>
            </method>
            <method name=".ctor" signature="(System.Int32,System.Int32,NasaBotRouteApp.Models.CompassDirectionTypes)" line-rate="1" branch-rate="1" complexity="1">
              <lines>
                <line number="3" hits="23" branch="False" />
              </lines>
            </method>
          </methods>
          <lines>
            <line number="5" hits="178" branch="False" />
            <line number="6" hits="149" branch="False" />
            <line number="7" hits="221" branch="False" />
            <line number="3" hits="23" branch="False" />
          </lines>
        </class>
        <class name="NasaBotRouteApp.Models.Abstract.RoverRobot" filename="Models/Abstract/RoverRobot.cs" line-rate="1" branch-rate="0.8845999999999999" complexity="27">
          <methods>
            <method name="CheckValidity" signature="(System.Int32,System.Int32,System.Collections.Generic.IEnumerable`1&lt;NasaBotRouteApp.Models.Abstract.RoverRobot&gt;,NasaBotRouteApp.Models.Dtos.RoverRobotValidationFilterData)" line-rate="1" branch-rate="0.9444" complexity="18">
              <lines>
                <line number="19" hits="49" branch="False" />
                <line number="20" hits="49" branch="False" />
                <line number="21" hits="49" branch="False" />
                <line number="22" hits="49" branch="True" condition-coverage="100% (6/6)">
                  <conditions>
                    <condition number="27" type="jump" coverage="100%" />
                    <condition number="37" type="jump" coverage="100%" />
                    <condition number="47" type="jump" coverage="100%" />
                  </conditions>
                </line>
                <line number="23" hits="49" branch="False" />
                <line number="24" hits="49" branch="False" />
                <line number="26" hits="49" branch="True" condition-coverage="100% (2/2)">
                  <conditions>
                    <condition number="72" type="jump" coverage="100%" />
                  </conditions>
                </line>
                <line number="27" hits="7" branch="False" />
                <line number="28" hits="7" branch="False" />
                <line number="30" hits="42" branch="True" condition-coverage="75% (3/4)">
                  <conditions>
                    <condition number="81" type="jump" coverage="50%" />
                    <condition number="99" type="jump" coverage="100%" />
                  </conditions>
                </line>
                <line number="31" hits="11" branch="False" />
                <line number="32" hits="11" branch="False" />
                <line number="34" hits="154" branch="True" condition-coverage="100% (2/2)">
                  <conditions>
                    <condition number="171" type="jump" coverage="100%" />
                  </conditions>
                </line>
                <line number="35" hits="31" branch="False" />
                <line number="36" hits="31" branch="True" condition-coverage="100% (4/4)">
                  <conditions>
                    <condition number="136" type="jump" coverage="100%" />
                    <condition number="155" type="jump" coverage="100%" />
                  </conditions>
                </line>
                <line number="37" hits="1" branch="False" />
                <line number="38" hits="1" branch="False" />
                <line number="40" hits="30" branch="False" />
                <line number="41" hits="30" branch="False" />
                <line number="42" hits="49" branch="False" />
              </lines>
            </method>
            <method name=".ctor" signature="(System.Int32,System.Int32,NasaBotRouteApp.Models.CompassDirectionTypes)" line-rate="1" branch-rate="1" complexity="1">
              <lines>
                <line number="3" hits="23" branch="False" />
              </lines>
            </method>
            <method name=".ctor" signature="(System.Int32,System.Int32,NasaBotRouteApp.Models.CompassDirectionTypes,NasaBotRouteApp.Models.Dtos.RoverRobotValidationFilterData)" line-rate="1" branch-rate="0.75" complexity="8">
              <lines>
                <line number="5" hits="23" branch="False" />
                <line number="6" hits="23" branch="False" />
                <line number="7" hits="23" branch="True" condition-coverage="75% (3/4)">
                  <conditions>
                    <condition number="19" type="jump" coverage="50%" />
                    <condition number="36" type="jump" coverage="100%" />
                  </conditions>
                </line>
                <line number="8" hits="9" branch="False" />
                <line number="9" hits="9" branch="False" />
                <line number="12" hits="14" branch="True" condition-coverage="75% (3/4)">
                  <conditions>
                    <condition number="144" type="jump" coverage="50%" />
                    <condition number="161" type="jump" coverage="100%" />
                  </conditions>
                </line>
                <line number="13" hits="4" branch="False" />
                <line number="14" hits="4" branch="False" />
                <line number="16" hits="10" branch="False" />
              </lines>
            </method>
          </methods>
          <lines>
            <line number="19" hits="49" branch="False" />
            <line number="20" hits="49" branch="False" />
            <line number="21" hits="49" branch="False" />
            <line number="22" hits="49" branch="True" condition-coverage="100% (6/6)">
              <conditions>
                <condition number="27" type="jump" coverage="100%" />
                <condition number="37" type="jump" coverage="100%" />
                <condition number="47" type="jump" coverage="100%" />
              </conditions>
            </line>
            <line number="23" hits="49" branch="False" />
            <line number="24" hits="49" branch="False" />
            <line number="26" hits="49" branch="True" condition-coverage="100% (2/2)">
              <conditions>
                <condition number="72" type="jump" coverage="100%" />
              </conditions>
            </line>
            <line number="27" hits="7" branch="False" />
            <line number="28" hits="7" branch="False" />
            <line number="30" hits="42" branch="True" condition-coverage="75% (3/4)">
              <conditions>
                <condition number="81" type="jump" coverage="50%" />
                <condition number="99" type="jump" coverage="100%" />
              </conditions>
            </line>
            <line number="31" hits="11" branch="False" />
            <line number="32" hits="11" branch="False" />
            <line number="34" hits="154" branch="True" condition-coverage="100% (2/2)">
              <conditions>
                <condition number="171" type="jump" coverage="100%" />
              </conditions>
            </line>
            <line number="35" hits="31" branch="False" />
            <line number="36" hits="31" branch="True" condition-coverage="100% (4/4)">
              <conditions>
                <condition number="136" type="jump" coverage="100%" />
                <condition number="155" type="jump" coverage="100%" />
              </conditions>
            </line>
            <line number="37" hits="1" branch="False" />
            <line number="38" hits="1" branch="False" />
            <line number="40" hits="30" branch="False" />
            <line number="41" hits="30" branch="False" />
            <line number="42" hits="49" branch="False" />
            <line number="3" hits="23" branch="False" />
            <line number="5" hits="23" branch="False" />
            <line number="6" hits="23" branch="False" />
            <line number="7" hits="23" branch="True" condition-coverage="75% (3/4)">
              <conditions>
                <condition number="19" type="jump" coverage="50%" />
                <condition number="36" type="jump" coverage="100%" />
              </conditions>
            </line>
            <line number="8" hits="9" branch="False" />
            <line number="9" hits="9" branch="False" />
            <line number="12" hits="14" branch="True" condition-coverage="75% (3/4)">
              <conditions>
                <condition number="144" type="jump" coverage="50%" />
                <condition number="161" type="jump" coverage="100%" />
              </conditions>
            </line>
            <line number="13" hits="4" branch="False" />
            <line number="14" hits="4" branch="False" />
            <line number="16" hits="10" branch="False" />
          </lines>
        </class>
        <class name="NasaBotRouteApp.Helpers.NasaMovementHelper" filename="Helpers/NasaMovementHelper.cs" line-rate="0.8059000000000001" branch-rate="0.6486" complexity="37">
          <methods>
            <method name="GetMovementDelta" signature="(NasaBotRouteApp.Models.CompassDirectionTypes,System.Int32)" line-rate="0.9" branch-rate="0.8" complexity="5">
              <lines>
                <line number="6" hits="43" branch="False" />
                <line number="7" hits="43" branch="True" condition-coverage="80% (4/5)">
                  <conditions>
                    <condition number="6" type="switch" coverage="80%" />
                  </conditions>
                </line>
                <line number="8" hits="43" branch="False" />
                <line number="9" hits="8" branch="False" />
                <line number="10" hits="10" branch="False" />
                <line number="11" hits="15" branch="False" />
                <line number="12" hits="10" branch="False" />
                <line number="13" hits="0" branch="False" />
                <line number="14" hits="43" branch="False" />
                <line number="15" hits="43" branch="False" />
              </lines>
            </method>
            <method name="GetTurnDirection" signature="(NasaBotRouteApp.Models.CompassDirectionTypes,NasaBotRouteApp.Models.NasaMoveDirectionTypes)" line-rate="0.8665999999999999" branch-rate="0.75" complexity="4">
              <lines>
                <line number="17" hits="75" branch="False" />
                <line number="18" hits="75" branch="False" />
                <line number="19" hits="75" branch="False" />
                <line number="20" hits="75" branch="True" condition-coverage="100% (2/2)">
                  <conditions>
                    <condition number="41" type="jump" coverage="100%" />
                  </conditions>
                </line>
                <line number="21" hits="44" branch="False" />
                <line number="22" hits="44" branch="False" />
                <line number="23" hits="44" branch="False" />
                <line number="24" hits="31" branch="True" condition-coverage="50% (1/2)">
                  <conditions>
                    <condition number="71" type="jump" coverage="50%" />
                  </conditions>
                </line>
                <line number="25" hits="31" branch="False" />
                <line number="26" hits="31" branch="False" />
                <line number="27" hits="31" branch="False" />
                <line number="29" hits="0" branch="False" />
                <line number="30" hits="0" branch="False" />
                <line number="32" hits="75" branch="False" />
                <line number="33" hits="75" branch="False" />
              </lines>
            </method>
            <method name="ParseMaxCoordinates" signature="(System.String,System.Int32&amp;,System.Int32&amp;,System.Int32&amp;,System.Int32&amp;)" line-rate="0.75" branch-rate="0.6666" complexity="12">
              <lines>
                <line number="35" hits="8" branch="False" />
                <line number="36" hits="8" branch="False" />
                <line number="37" hits="8" branch="True" condition-coverage="50% (1/2)">
                  <conditions>
                    <condition number="21" type="jump" coverage="50%" />
                  </conditions>
                </line>
                <line number="38" hits="8" branch="True" condition-coverage="50% (2/4)">
                  <conditions>
                    <condition number="45" type="jump" coverage="50%" />
                    <condition number="61" type="jump" coverage="50%" />
                  </conditions>
                </line>
                <line number="39" hits="0" branch="False" />
                <line number="40" hits="0" branch="False" />
                <line number="42" hits="24" branch="False" />
                <line number="43" hits="8" branch="True" condition-coverage="50% (1/2)">
                  <conditions>
                    <condition number="121" type="jump" coverage="50%" />
                  </conditions>
                </line>
                <line number="44" hits="0" branch="False" />
                <line number="45" hits="0" branch="False" />
                <line number="47" hits="8" branch="False" />
                <line number="48" hits="8" branch="False" />
                <line number="49" hits="8" branch="True" condition-coverage="100% (4/4)">
                  <conditions>
                    <condition number="168" type="jump" coverage="100%" />
                    <condition number="185" type="jump" coverage="100%" />
                  </conditions>
                </line>
                <line number="50" hits="3" branch="False" />
                <line number="51" hits="3" branch="False" />
                <line number="54" hits="5" branch="False" />
              </lines>
            </method>
            <method name="ParseRoverRobbotInitCoordinates" signature="(System.String,System.Int32&amp;,System.Int32&amp;,NasaBotRouteApp.Models.CompassDirectionTypes&amp;)" line-rate="0.7333" branch-rate="0.5" complexity="8">
              <lines>
                <line number="56" hits="20" branch="False" />
                <line number="57" hits="20" branch="False" />
                <line number="58" hits="20" branch="False" />
                <line number="59" hits="20" branch="True" condition-coverage="50% (1/2)">
                  <conditions>
                    <condition number="13" type="jump" coverage="50%" />
                  </conditions>
                </line>
                <line number="60" hits="20" branch="True" condition-coverage="50% (2/4)">
                  <conditions>
                    <condition number="37" type="jump" coverage="50%" />
                    <condition number="53" type="jump" coverage="50%" />
                  </conditions>
                </line>
                <line number="61" hits="0" branch="False" />
                <line number="62" hits="0" branch="False" />
                <line number="64" hits="60" branch="False" />
                <line number="65" hits="20" branch="True" condition-coverage="50% (1/2)">
                  <conditions>
                    <condition number="119" type="jump" coverage="50%" />
                  </conditions>
                </line>
                <line number="66" hits="0" branch="False" />
                <line number="67" hits="0" branch="False" />
                <line number="69" hits="20" branch="False" />
                <line number="70" hits="20" branch="False" />
                <line number="71" hits="20" branch="False" />
                <line number="72" hits="20" branch="False" />
              </lines>
            </method>
            <method name="ParseRoverMoveList" signature="(System.String,System.Collections.Generic.List`1&lt;NasaBotRouteApp.Models.NasaMoveDirectionTypes&gt;&amp;)" line-rate="0.8181" branch-rate="0.625" complexity="8">
              <lines>
                <line number="74" hits="4" branch="False" />
                <line number="75" hits="4" branch="False" />
                <line number="76" hits="4" branch="True" condition-coverage="50% (1/2)">
                  <conditions>
                    <condition number="9" type="jump" coverage="50%" />
                  </conditions>
                </line>
                <line number="77" hits="4" branch="True" condition-coverage="50% (2/4)">
                  <conditions>
                    <condition number="22" type="jump" coverage="50%" />
                    <condition number="34" type="jump" coverage="50%" />
                  </conditions>
                </line>
                <line number="78" hits="0" branch="False" />
                <line number="79" hits="0" branch="False" />
                <line number="81" hits="248" branch="True" condition-coverage="100% (2/2)">
                  <conditions>
                    <condition number="90" type="jump" coverage="100%" />
                  </conditions>
                </line>
                <line number="82" hits="118" branch="False" />
                <line number="83" hits="118" branch="False" />
                <line number="84" hits="118" branch="False" />
                <line number="85" hits="4" branch="False" />
              </lines>
            </method>
          </methods>
          <lines>
            <line number="6" hits="43" branch="False" />
            <line number="7" hits="43" branch="True" condition-coverage="80% (4/5)">
              <conditions>
                <condition number="6" type="switch" coverage="80%" />
              </conditions>
            </line>
            <line number="8" hits="43" branch="False" />
            <line number="9" hits="8" branch="False" />
            <line number="10" hits="10" branch="False" />
            <line number="11" hits="15" branch="False" />
            <line number="12" hits="10" branch="False" />
            <line number="13" hits="0" branch="False" />
            <line number="14" hits="43" branch="False" />
            <line number="15" hits="43" branch="False" />
            <line number="17" hits="75" branch="False" />
            <line number="18" hits="75" branch="False" />
            <line number="19" hits="75" branch="False" />
            <line number="20" hits="75" branch="True" condition-coverage="100% (2/2)">
              <conditions>
                <condition number="41" type="jump" coverage="100%" />
              </conditions>
            </line>
            <line number="21" hits="44" branch="False" />
            <line number="22" hits="44" branch="False" />
            <line number="23" hits="44" branch="False" />
            <line number="24" hits="31" branch="True" condition-coverage="50% (1/2)">
              <conditions>
                <condition number="71" type="jump" coverage="50%" />
              </conditions>
            </line>
            <line number="25" hits="31" branch="False" />
            <line number="26" hits="31" branch="False" />
            <line number="27" hits="31" branch="False" />
            <line number="29" hits="0" branch="False" />
            <line number="30" hits="0" branch="False" />
            <line number="32" hits="75" branch="False" />
            <line number="33" hits="75" branch="False" />
            <line number="35" hits="8" branch="False" />
            <line number="36" hits="8" branch="False" />
            <line number="37" hits="8" branch="True" condition-coverage="50% (1/2)">
              <conditions>
                <condition number="21" type="jump" coverage="50%" />
              </conditions>
            </line>
            <line number="38" hits="8" branch="True" condition-coverage="50% (2/4)">
              <conditions>
                <condition number="45" type="jump" coverage="50%" />
                <condition number="61" type="jump" coverage="50%" />
              </conditions>
            </line>
            <line number="39" hits="0" branch="False" />
            <line number="40" hits="0" branch="False" />
            <line number="42" hits="24" branch="False" />
            <line number="43" hits="8" branch="True" condition-coverage="50% (1/2)">
              <conditions>
                <condition number="121" type="jump" coverage="50%" />
              </conditions>
            </line>
            <line number="44" hits="0" branch="False" />
            <line number="45" hits="0" branch="False" />
            <line number="47" hits="8" branch="False" />
            <line number="48" hits="8" branch="False" />
            <line number="49" hits="8" branch="True" condition-coverage="100% (4/4)">
              <conditions>
                <condition number="168" type="jump" coverage="100%" />
                <condition number="185" type="jump" coverage="100%" />
              </conditions>
            </line>
            <line number="50" hits="3" branch="False" />
            <line number="51" hits="3" branch="False" />
            <line number="54" hits="5" branch="False" />
            <line number="56" hits="20" branch="False" />
            <line number="57" hits="20" branch="False" />
            <line number="58" hits="20" branch="False" />
            <line number="59" hits="20" branch="True" condition-coverage="50% (1/2)">
              <conditions>
                <condition number="13" type="jump" coverage="50%" />
              </conditions>
            </line>
            <line number="60" hits="20" branch="True" condition-coverage="50% (2/4)">
              <conditions>
                <condition number="37" type="jump" coverage="50%" />
                <condition number="53" type="jump" coverage="50%" />
              </conditions>
            </line>
            <line number="61" hits="0" branch="False" />
            <line number="62" hits="0" branch="False" />
            <line number="64" hits="60" branch="False" />
            <line number="65" hits="20" branch="True" condition-coverage="50% (1/2)">
              <conditions>
                <condition number="119" type="jump" coverage="50%" />
              </conditions>
            </line>
            <line number="66" hits="0" branch="False" />
            <line number="67" hits="0" branch="False" />
            <line number="69" hits="20" branch="False" />
            <line number="70" hits="20" branch="False" />
            <line number="71" hits="20" branch="False" />
            <line number="72" hits="20" branch="False" />
            <line number="74" hits="4" branch="False" />
            <line number="75" hits="4" branch="False" />
            <line number="76" hits="4" branch="True" condition-coverage="50% (1/2)">
              <conditions>
                <condition number="9" type="jump" coverage="50%" />
              </conditions>
            </line>
            <line number="77" hits="4" branch="True" condition-coverage="50% (2/4)">
              <conditions>
                <condition number="22" type="jump" coverage="50%" />
                <condition number="34" type="jump" coverage="50%" />
              </conditions>
            </line>
            <line number="78" hits="0" branch="False" />
            <line number="79" hits="0" branch="False" />
            <line number="81" hits="248" branch="True" condition-coverage="100% (2/2)">
              <conditions>
                <condition number="90" type="jump" coverage="100%" />
              </conditions>
            </line>
            <line number="82" hits="118" branch="False" />
            <line number="83" hits="118" branch="False" />
            <line number="84" hits="118" branch="False" />
            <line number="85" hits="4" branch="False" />
          </lines>
        </class>
        <class name="NasaBotRouteApp.Extensions.DataExtensions" filename="Extensions/DataExtensions.cs" line-rate="0.8887999999999999" branch-rate="0.84" complexity="25">
          <methods>
            <method name="Value" signature="(System.String)" line-rate="1" branch-rate="1" complexity="2">
              <lines>
                <line number="6" hits="34" branch="False" />
                <line number="7" hits="34" branch="True" condition-coverage="100% (2/2)">
                  <conditions>
                    <condition number="9" type="jump" coverage="100%" />
                  </conditions>
                </line>
                <line number="8" hits="2" branch="False" />
                <line number="9" hits="2" branch="False" />
                <line number="11" hits="32" branch="False" />
                <line number="12" hits="32" branch="False" />
              </lines>
            </method>
            <method name="ToNasaMoveDirection" signature="(System.String)" line-rate="0.8571" branch-rate="0.8332999999999999" complexity="6">
              <lines>
                <line number="13" hits="118" branch="True" condition-coverage="83.33% (5/6)">
                  <conditions>
                    <condition number="15" type="jump" coverage="100%" />
                    <condition number="28" type="jump" coverage="100%" />
                    <condition number="41" type="jump" coverage="50%" />
                  </conditions>
                </line>
                <line number="14" hits="118" branch="False" />
                <line number="15" hits="44" branch="False" />
                <line number="16" hits="31" branch="False" />
                <line number="17" hits="43" branch="False" />
                <line number="18" hits="0" branch="False" />
                <line number="19" hits="118" branch="False" />
              </lines>
            </method>
            <method name="ToCompassDirectionTypes" signature="(System.String)" line-rate="0.875" branch-rate="0.875" complexity="8">
              <lines>
                <line number="20" hits="20" branch="True" condition-coverage="87.5% (7/8)">
                  <conditions>
                    <condition number="15" type="jump" coverage="100%" />
                    <condition number="28" type="jump" coverage="100%" />
                    <condition number="41" type="jump" coverage="100%" />
                    <condition number="54" type="jump" coverage="50%" />
                  </conditions>
                </line>
                <line number="21" hits="20" branch="False" />
                <line number="22" hits="4" branch="False" />
                <line number="23" hits="10" branch="False" />
                <line number="24" hits="4" branch="False" />
                <line number="25" hits="2" branch="False" />
                <line number="26" hits="0" branch="False" />
                <line number="27" hits="20" branch="False" />
              </lines>
            </method>
            <method name="ToStringKey" signature="(NasaBotRouteApp.Models.NasaMoveDirectionTypes)" line-rate="0.8571" branch-rate="0.75" complexity="4">
              <lines>
                <line number="28" hits="99" branch="True" condition-coverage="75% (3/4)">
                  <conditions>
                    <condition number="5" type="switch" coverage="75%" />
                  </conditions>
                </line>
                <line number="29" hits="99" branch="False" />
                <line number="30" hits="40" branch="False" />
                <line number="31" hits="27" branch="False" />
                <line number="32" hits="32" branch="False" />
                <line number="33" hits="0" branch="False" />
                <line number="34" hits="99" branch="False" />
              </lines>
            </method>
            <method name="ToStringKey" signature="(NasaBotRouteApp.Models.CompassDirectionTypes)" line-rate="0.875" branch-rate="0.8" complexity="5">
              <lines>
                <line number="35" hits="21" branch="True" condition-coverage="80% (4/5)">
                  <conditions>
                    <condition number="5" type="switch" coverage="80%" />
                  </conditions>
                </line>
                <line number="36" hits="21" branch="False" />
                <line number="37" hits="3" branch="False" />
                <line number="38" hits="10" branch="False" />
                <line number="39" hits="4" branch="False" />
                <line number="40" hits="4" branch="False" />
                <line number="41" hits="0" branch="False" />
                <line number="42" hits="21" branch="False" />
              </lines>
            </method>
          </methods>
          <lines>
            <line number="6" hits="34" branch="False" />
            <line number="7" hits="34" branch="True" condition-coverage="100% (2/2)">
              <conditions>
                <condition number="9" type="jump" coverage="100%" />
              </conditions>
            </line>
            <line number="8" hits="2" branch="False" />
            <line number="9" hits="2" branch="False" />
            <line number="11" hits="32" branch="False" />
            <line number="12" hits="32" branch="False" />
            <line number="13" hits="118" branch="True" condition-coverage="83.33% (5/6)">
              <conditions>
                <condition number="15" type="jump" coverage="100%" />
                <condition number="28" type="jump" coverage="100%" />
                <condition number="41" type="jump" coverage="50%" />
              </conditions>
            </line>
            <line number="14" hits="118" branch="False" />
            <line number="15" hits="44" branch="False" />
            <line number="16" hits="31" branch="False" />
            <line number="17" hits="43" branch="False" />
            <line number="18" hits="0" branch="False" />
            <line number="19" hits="118" branch="False" />
            <line number="20" hits="20" branch="True" condition-coverage="87.5% (7/8)">
              <conditions>
                <condition number="15" type="jump" coverage="100%" />
                <condition number="28" type="jump" coverage="100%" />
                <condition number="41" type="jump" coverage="100%" />
                <condition number="54" type="jump" coverage="50%" />
              </conditions>
            </line>
            <line number="21" hits="20" branch="False" />
            <line number="22" hits="4" branch="False" />
            <line number="23" hits="10" branch="False" />
            <line number="24" hits="4" branch="False" />
            <line number="25" hits="2" branch="False" />
            <line number="26" hits="0" branch="False" />
            <line number="27" hits="20" branch="False" />
            <line number="28" hits="99" branch="True" condition-coverage="75% (3/4)">
              <conditions>
                <condition number="5" type="switch" coverage="75%" />
              </conditions>
            </line>
            <line number="29" hits="99" branch="False" />
            <line number="30" hits="40" branch="False" />
            <line number="31" hits="27" branch="False" />
            <line number="32" hits="32" branch="False" />
            <line number="33" hits="0" branch="False" />
            <line number="34" hits="99" branch="False" />
            <line number="35" hits="21" branch="True" condition-coverage="80% (4/5)">
              <conditions>
                <condition number="5" type="switch" coverage="80%" />
              </conditions>
            </line>
            <line number="36" hits="21" branch="False" />
            <line number="37" hits="3" branch="False" />
            <line number="38" hits="10" branch="False" />
            <line number="39" hits="4" branch="False" />
            <line number="40" hits="4" branch="False" />
            <line number="41" hits="0" branch="False" />
            <line number="42" hits="21" branch="False" />
          </lines>
        </class>
      </classes>
    </package>
  </packages>
</coverage>